Determining if the pthread_create exist failed with the following output:
Change Dir: /home/hvn/workspace/tommy_unit_test/hansol-inticube-poc/build/CMakeFiles/CMakeTmp

Run Build Command:"/usr/bin/gmake" "cmTC_4813c/fast"
/usr/bin/gmake -f CMakeFiles/cmTC_4813c.dir/build.make CMakeFiles/cmTC_4813c.dir/build
gmake[1]: Entering directory `/home/hvn/workspace/tommy_unit_test/hansol-inticube-poc/build/CMakeFiles/CMakeTmp'
Building C object CMakeFiles/cmTC_4813c.dir/CheckSymbolExists.c.o
/usr/bin/cc   -std=gnu11 -o CMakeFiles/cmTC_4813c.dir/CheckSymbolExists.c.o   -c /home/hvn/workspace/tommy_unit_test/hansol-inticube-poc/build/CMakeFiles/CMakeTmp/CheckSymbolExists.c
Linking C executable cmTC_4813c
/usr/local/bin/cmake -E cmake_link_script CMakeFiles/cmTC_4813c.dir/link.txt --verbose=1
/usr/bin/cc      CMakeFiles/cmTC_4813c.dir/CheckSymbolExists.c.o  -o cmTC_4813c 
CMakeFiles/cmTC_4813c.dir/CheckSymbolExists.c.o: In function `main':
CheckSymbolExists.c:(.text+0x16): undefined reference to `pthread_create'
collect2: error: ld returned 1 exit status
gmake[1]: *** [cmTC_4813c] Error 1
gmake[1]: Leaving directory `/home/hvn/workspace/tommy_unit_test/hansol-inticube-poc/build/CMakeFiles/CMakeTmp'
gmake: *** [cmTC_4813c/fast] Error 2

File /home/hvn/workspace/tommy_unit_test/hansol-inticube-poc/build/CMakeFiles/CMakeTmp/CheckSymbolExists.c:
/* */
#include <pthread.h>

int main(int argc, char** argv)
{
  (void)argv;
#ifndef pthread_create
  return ((int*)(&pthread_create))[argc];
#else
  (void)argc;
  return 0;
#endif
}

Determining if the function pthread_create exists in the pthreads failed with the following output:
Change Dir: /home/hvn/workspace/tommy_unit_test/hansol-inticube-poc/build/CMakeFiles/CMakeTmp

Run Build Command:"/usr/bin/gmake" "cmTC_882da/fast"
/usr/bin/gmake -f CMakeFiles/cmTC_882da.dir/build.make CMakeFiles/cmTC_882da.dir/build
gmake[1]: Entering directory `/home/hvn/workspace/tommy_unit_test/hansol-inticube-poc/build/CMakeFiles/CMakeTmp'
Building C object CMakeFiles/cmTC_882da.dir/CheckFunctionExists.c.o
/usr/bin/cc   -DCHECK_FUNCTION_EXISTS=pthread_create   -std=gnu11 -o CMakeFiles/cmTC_882da.dir/CheckFunctionExists.c.o   -c /usr/local/share/cmake-3.10/Modules/CheckFunctionExists.c
Linking C executable cmTC_882da
/usr/local/bin/cmake -E cmake_link_script CMakeFiles/cmTC_882da.dir/link.txt --verbose=1
/usr/bin/cc  -DCHECK_FUNCTION_EXISTS=pthread_create    CMakeFiles/cmTC_882da.dir/CheckFunctionExists.c.o  -o cmTC_882da -lpthreads 
/usr/bin/ld: cannot find -lpthreads
collect2: error: ld returned 1 exit status
gmake[1]: *** [cmTC_882da] Error 1
gmake[1]: Leaving directory `/home/hvn/workspace/tommy_unit_test/hansol-inticube-poc/build/CMakeFiles/CMakeTmp'
gmake: *** [cmTC_882da/fast] Error 2


